<?xml version="1.0" encoding="UTF-8"?>
<!-- Generated by org.testng.reporters.JUnitXMLReporter -->
<testsuite ignored="0" hostname="LAPTOP-M1B6477F" failures="0" tests="4" name="Test" time="47.241" errors="0" timestamp="2022-12-19T15:30:40 IST">
  <testcase classname="TestCases.FooterTC" name="FooterElements" time="10.483"/>
  <testcase classname="TestCases.AddToCartTC" name="MainPage" time="4.15"/>
  <testcase classname="TestCases.MainPageTC" name="MainPage" time="13.196"/>
  <testcase classname="TestCases.HeaderTC" name="HeaderElements" time="5.559"/>
</testsuite> <!-- Test -->
